<?xml version="1.0" encoding="UTF-8"?>
<!-- Generated by org.testng.reporters.JUnitReportReporter -->
<testsuite hostname="IND-CHN-LT11037" failures="0" tests="1" name="Testcase.TC_001_AccountRegistrationTest" time="3.359" errors="0" timestamp="2023-02-27T15:15:09 IST" skipped="0">
  <testcase classname="Testcase.TC_001_AccountRegistrationTest" name="test_account_Registration" time="3.359"/>
  <system-out/>
</testsuite> <!-- Testcase.TC_001_AccountRegistrationTest -->
